info files
b *0x10d0
run testPassword
b *0x00000000000010d0
run testPassword
run testPassword
b strlen
run testPassword
b strlen
b printf
run testPassword
x/s $rdi
si
x/s $rdi
si
si
x/s $rdi
si
ni
finish
RDX: 0x7fffffffdee0 --> 0x7fffffffe358 ("LOGNAME=pierre")
RSI: 0xb ('\x0b')
RDI: 0x7fffffffdb40 --> 0x7fffffffde80 --> 0x7fffffffe22f ("COLORFGBG=15;0")
RBP: 0x7fffffffdd60 --> 0x7fffffffde50 --> 0x0 
RSP: 0x7fffffffdaa8 --> 0x7ffff7fe6834 (<dl_main+180>:  mov    rcx,rax)
RIP: 0x7ffff7fe3464 (<_dl_next_ld_env_entry+20>:        add    rdx,0x8)
R8 : 0x3 
R9 : 0x800 
R10: 0xffffffffffffffff 
R11: 0x40 ('@')
R12: 0x555555554040 --> 0x400000006 
R13: 0x7ffff7ff1efc --> 0xffff4d54ffff4d34 
R14: 0x7ffff7fcb000 --> 0x3010102464c457f 
R15: 0x7ffff7fcb4f8 --> 0x0
EFLAGS: 0x10202 (carry parity adjust zero sign trap INTERRUPT direction overflow)
[-------------------------------------code-------------------------------------]
   0x7ffff7fe345b <_dl_next_ld_env_entry+11>:   jmp    0x7ffff7fe3490 <_dl_next_ld_env_entry+64>
   0x7ffff7fe345d <_dl_next_ld_env_entry+13>:   nop    DWORD PTR [rax]
   0x7ffff7fe3460 <_dl_next_ld_env_entry+16>:   mov    rax,QWORD PTR [rdx+0x8]
=> 0x7ffff7fe3464 <_dl_next_ld_env_entry+20>:   add    rdx,0x8
   0x7ffff7fe3468 <_dl_next_ld_env_entry+24>:   test   rax,rax
   0x7ffff7fe346b <_dl_next_ld_env_entry+27>:   je     0x7ffff7fe3490 <_dl_next_ld_env_entry+64>
   0x7ffff7fe346d <_dl_next_ld_env_entry+29>:   cmp    BYTE PTR [rax],0x4c
   0x7ffff7fe3470 <_dl_next_ld_env_entry+32>:   jne    0x7ffff7fe3460 <_dl_next_ld_env_entry+16>
[------------------------------------stack-------------------------------------]
0000| 0x7fffffffdaa8 --> 0x7ffff7fe6834 (<dl_main+180>: mov    rcx,rax)
0008| 0x7fffffffdab0 --> 0x0 
0016| 0x7fffffffdab8 --> 0x0 
0024| 0x7fffffffdac0 --> 0x0 
0032| 0x7fffffffdac8 --> 0x0 
0040| 0x7fffffffdad0 --> 0x0 
0048| 0x7fffffffdad8 --> 0x0 
[------------------------------------------------------------------------------]
Legend: code, data, rodata, value
0x00007ffff7fe3464      45      in ./elf/dl-environ.c
gdb-peda$ 
[----------------------------------registers-----------------------------------]
RAX: 0x7fffffffe367 ("PANEL_GDK_CORE_DEVICE_EVENTS=0")
RBX: 0x0 
RDX: 0x7fffffffdee8 --> 0x7fffffffe367 ("PANEL_GDK_CORE_DEVICE_EVENTS=0")
RSI: 0xb ('\x0b')
RDI: 0x7fffffffdb40 --> 0x7fffffffde80 --> 0x7fffffffe22f ("COLORFGBG=15;0")
RBP: 0x7fffffffdd60 --> 0x7fffffffde50 --> 0x0 
RSP: 0x7fffffffdaa8 --> 0x7ffff7fe6834 (<dl_main+180>:  mov    rcx,rax)
RIP: 0x7ffff7fe3468 (<_dl_next_ld_env_entry+24>:        test   rax,rax)
R8 : 0x3 
R9 : 0x800 
R10: 0xffffffffffffffff 
R11: 0x40 ('@')
R12: 0x555555554040 --> 0x400000006 
R13: 0x7ffff7ff1efc --> 0xffff4d54ffff4d34 
R14: 0x7ffff7fcb000 --> 0x3010102464c457f 
R15: 0x7ffff7fcb4f8 --> 0x0
EFLAGS: 0x10206 (carry PARITY adjust zero sign trap INTERRUPT direction overflow)
[-------------------------------------code-------------------------------------]
   0x7ffff7fe345d <_dl_next_ld_env_entry+13>:   nop    DWORD PTR [rax]
   0x7ffff7fe3460 <_dl_next_ld_env_entry+16>:   mov    rax,QWORD PTR [rdx+0x8]
   0x7ffff7fe3464 <_dl_next_ld_env_entry+20>:   add    rdx,0x8
=> 0x7ffff7fe3468 <_dl_next_ld_env_entry+24>:   test   rax,rax
   0x7ffff7fe346b <_dl_next_ld_env_entry+27>:   je     0x7ffff7fe3490 <_dl_next_ld_env_entry+64>
   0x7ffff7fe346d <_dl_next_ld_env_entry+29>:   cmp    BYTE PTR [rax],0x4c
   0x7ffff7fe3470 <_dl_next_ld_env_entry+32>:   jne    0x7ffff7fe3460 <_dl_next_ld_env_entry+16>
   0x7ffff7fe3472 <_dl_next_ld_env_entry+34>:   cmp    BYTE PTR [rax+0x1],0x44
[------------------------------------stack-------------------------------------]
0000| 0x7fffffffdaa8 --> 0x7ffff7fe6834 (<dl_main+180>: mov    rcx,rax)
0008| 0x7fffffffdab0 --> 0x0 
0016| 0x7fffffffdab8 --> 0x0 
0024| 0x7fffffffdac0 --> 0x0 
0032| 0x7fffffffdac8 --> 0x0 
0040| 0x7fffffffdad0 --> 0x0 
0048| 0x7fffffffdad8 --> 0x0 
[------------------------------------------------------------------------------]
Legend: code, data, rodata, value
32      in ./elf/dl-environ.c
gdb-peda$ 
[----------------------------------registers-----------------------------------]
RAX: 0x7fffffffe367 ("PANEL_GDK_CORE_DEVICE_EVENTS=0")
RBX: 0x0 
RDX: 0x7fffffffdee8 --> 0x7fffffffe367 ("PANEL_GDK_CORE_DEVICE_EVENTS=0")
RSI: 0xb ('\x0b')
RDI: 0x7fffffffdb40 --> 0x7fffffffde80 --> 0x7fffffffe22f ("COLORFGBG=15;0")
RBP: 0x7fffffffdd60 --> 0x7fffffffde50 --> 0x0 
RSP: 0x7fffffffdaa8 --> 0x7ffff7fe6834 (<dl_main+180>:  mov    rcx,rax)
RIP: 0x7ffff7fe346b (<_dl_next_ld_env_entry+27>:        je     0x7ffff7fe3490 <_dl_next_ld_env_entry+64>)
R8 : 0x3 
R9 : 0x800 
R10: 0xffffffffffffffff 
R11: 0x40 ('@')
R12: 0x555555554040 --> 0x400000006 
R13: 0x7ffff7ff1efc --> 0xffff4d54ffff4d34 
R14: 0x7ffff7fcb000 --> 0x3010102464c457f 
R15: 0x7ffff7fcb4f8 --> 0x0
EFLAGS: 0x10202 (carry parity adjust zero sign trap INTERRUPT direction overflow)
[-------------------------------------code-------------------------------------]
   0x7ffff7fe3460 <_dl_next_ld_env_entry+16>:   mov    rax,QWORD PTR [rdx+0x8]
   0x7ffff7fe3464 <_dl_next_ld_env_entry+20>:   add    rdx,0x8
   0x7ffff7fe3468 <_dl_next_ld_env_entry+24>:   test   rax,rax
=> 0x7ffff7fe346b <_dl_next_ld_env_entry+27>:   je     0x7ffff7fe3490 <_dl_next_ld_env_entry+64>
   0x7ffff7fe346d <_dl_next_ld_env_entry+29>:   cmp    BYTE PTR [rax],0x4c
   0x7ffff7fe3470 <_dl_next_ld_env_entry+32>:   jne    0x7ffff7fe3460 <_dl_next_ld_env_entry+16>
   0x7ffff7fe3472 <_dl_next_ld_env_entry+34>:   cmp    BYTE PTR [rax+0x1],0x44
   0x7ffff7fe3476 <_dl_next_ld_env_entry+38>:   jne    0x7ffff7fe3460 <_dl_next_ld_env_entry+16>
                                                              JUMP is NOT taken
[------------------------------------stack-------------------------------------]
0000| 0x7fffffffdaa8 --> 0x7ffff7fe6834 (<dl_main+180>: mov    rcx,rax)
0008| 0x7fffffffdab0 --> 0x0 
0016| 0x7fffffffdab8 --> 0x0 
0024| 0x7fffffffdac0 --> 0x0 
0032| 0x7fffffffdac8 --> 0x0 
0040| 0x7fffffffdad0 --> 0x0 
0048| 0x7fffffffdad8 --> 0x0 
[------------------------------------------------------------------------------]
Legend: code, data, rodata, value
0x00007ffff7fe346b      32      in ./elf/dl-environ.c
gdb-peda$ 
b strlen
run testPassword
finish
run testPassword
x/s $rdi
x/s $rsi
finish
